"../../../../../../UnrealSpacialProj/ChoGoChomp/Game/Content/Mannequin/Character/Mesh/UE4_Mannequin_Skeleton.uasset" 0
"../../../../../../UnrealSpacialProj/ChoGoChomp/Game/Content/Mannequin/Animations/ThirdPersonJump_End.uasset" 1
"../../../../../../UnrealSpacialProj/ChoGoChomp/Game/Content/StarterContent/Materials/M_Basic_Wall.uasset" 2
"../../../../../../UnrealSpacialProj/ChoGoChomp/Game/Content/StarterContent/Architecture/Pillar_50x500.uasset" 3
"../../../../../../UnrealSpacialProj/ChoGoChomp/Game/Content/StarterContent/Architecture/Wall_400x300.uasset" 4
"../../../../../../UnrealSpacialProj/ChoGoChomp/Game/Content/StarterContent/Architecture/Wall_400x400.uasset" 5
"../../../../../../UnrealSpacialProj/ChoGoChomp/Game/Content/StarterContent/Architecture/Wall_500x500.uasset" 6
"../../../../../../UnrealSpacialProj/ChoGoChomp/Game/Content/StarterContent/Architecture/Wall_Door_400x400.uasset" 7
"../../../../../../UnrealSpacialProj/ChoGoChomp/Game/Content/StarterContent/Architecture/Wall_Window_400x400.uasset" 8
"../../../../../../UnrealSpacialProj/ChoGoChomp/Game/Content/StarterContent/Audio/Collapse01.uasset" 9
"../../../../../../UnrealSpacialProj/ChoGoChomp/Game/Content/StarterContent/Audio/Collapse02.uasset" 10
"../../../../../../UnrealSpacialProj/ChoGoChomp/Game/Content/StarterContent/Audio/Explosion01.uasset" 11
"../../../../../../UnrealSpacialProj/ChoGoChomp/Game/Content/StarterContent/Audio/Explosion02.uasset" 12
"../../../../../../UnrealSpacialProj/ChoGoChomp/Game/Content/StarterContent/Audio/Fire01.uasset" 13
"../../../../../../UnrealSpacialProj/ChoGoChomp/Game/Content/StarterContent/Audio/Fire_Sparks01.uasset" 14
"../../../../../../UnrealSpacialProj/ChoGoChomp/Game/Content/StarterContent/Audio/Light01.uasset" 15
"../../../../../../UnrealSpacialProj/ChoGoChomp/Game/Content/StarterContent/Audio/Light01_Cue.uasset" 16
"../../../../../../UnrealSpacialProj/ChoGoChomp/Game/Content/StarterContent/Audio/Light02.uasset" 17
"../../../../../../UnrealSpacialProj/ChoGoChomp/Game/Content/StarterContent/Audio/Light02_Cue.uasset" 18
"../../../../../../UnrealSpacialProj/ChoGoChomp/Game/Content/StarterContent/Audio/Smoke01.uasset" 19
"../../../../../../UnrealSpacialProj/ChoGoChomp/Game/Content/StarterContent/Audio/Starter_Birds01.uasset" 20
"../../../../../../UnrealSpacialProj/ChoGoChomp/Game/Content/StarterContent/Audio/Starter_Music01.uasset" 21
"../../../../../../UnrealSpacialProj/ChoGoChomp/Game/Content/StarterContent/Audio/Starter_Wind05.uasset" 22
"../../../../../../UnrealSpacialProj/ChoGoChomp/Game/Content/StarterContent/Audio/Starter_Wind06.uasset" 23
"../../../../../../UnrealSpacialProj/ChoGoChomp/Game/Content/StarterContent/Audio/Steam01.uasset" 24
"../../../../../../UnrealSpacialProj/ChoGoChomp/Game/Content/StarterContent/Audio/Explosion_Cue.uasset" 25
"../../../../../../UnrealSpacialProj/ChoGoChomp/Game/Content/StarterContent/Textures/T_Burst_M.uasset" 26
"../../../../../../UnrealSpacialProj/ChoGoChomp/Game/Content/StarterContent/Particles/Materials/M_Burst.uasset" 27
"../../../../../../UnrealSpacialProj/ChoGoChomp/Game/Content/StarterContent/Textures/T_Explosion_SubUV.uasset" 28
"../../../../../../UnrealSpacialProj/ChoGoChomp/Game/Content/StarterContent/Particles/Materials/M_explosion_subUV.uasset" 29
"../../../../../../UnrealSpacialProj/ChoGoChomp/Game/Content/StarterContent/Particles/Materials/m_flare_01.uasset" 30
"../../../Engine/Content/Functions/Engine_MaterialFunctions01/Gradient/RadialGradient.uasset" 31
"../../../../../../UnrealSpacialProj/ChoGoChomp/Game/Content/StarterContent/Particles/Materials/M_radial_ramp.uasset" 32
"../../../../../../UnrealSpacialProj/ChoGoChomp/Game/Content/StarterContent/Textures/T_Smoke_SubUV.uasset" 33
"../../../../../../UnrealSpacialProj/ChoGoChomp/Game/Content/StarterContent/Textures/T_Smoke_Tiled_D.uasset" 34
"../../../../../../UnrealSpacialProj/ChoGoChomp/Game/Content/StarterContent/Particles/Materials/M_smoke_subUV.uasset" 35
"../../../../../../UnrealSpacialProj/ChoGoChomp/Game/Content/StarterContent/Particles/P_Explosion.uasset" 36
"../../../../../../UnrealSpacialProj/ChoGoChomp/Game/Content/StarterContent/Blueprints/Blueprint_Effect_Explosion.uasset" 37
"../../../Engine/Content/EditorMeshes/ColorCalibrator/T_ColorGrid.uasset" 38
"../../../../../../UnrealSpacialProj/ChoGoChomp/Game/Content/StarterContent/Materials/M_ColorGrid_LowSpec.uasset" 39
"../../../../../../UnrealSpacialProj/ChoGoChomp/Game/Content/StarterContent/Textures/T_Bush_D.uasset" 40
"../../../../../../UnrealSpacialProj/ChoGoChomp/Game/Content/StarterContent/Textures/T_Bush_N.uasset" 41
"../../../../../../UnrealSpacialProj/ChoGoChomp/Game/Content/StarterContent/Props/Materials/M_Bush.uasset" 42
"../../../../../../UnrealSpacialProj/ChoGoChomp/Game/Content/StarterContent/Props/SM_Bush.uasset" 43
"../../../../../../UnrealSpacialProj/ChoGoChomp/Game/Content/StarterContent/Textures/T_Chair_M.uasset" 44
"../../../../../../UnrealSpacialProj/ChoGoChomp/Game/Content/StarterContent/Textures/T_Chair_N.uasset" 45
"../../../../../../UnrealSpacialProj/ChoGoChomp/Game/Content/StarterContent/Props/Materials/M_Chair.uasset" 46
"../../../../../../UnrealSpacialProj/ChoGoChomp/Game/Content/StarterContent/Props/SM_Couch.uasset" 47
"../../../../../../UnrealSpacialProj/ChoGoChomp/Game/Content/StarterContent/Materials/M_Glass.uasset" 48
"../../../../../../UnrealSpacialProj/ChoGoChomp/Game/Content/StarterContent/Textures/T_Door_M.uasset" 49
"../../../../../../UnrealSpacialProj/ChoGoChomp/Game/Content/StarterContent/Textures/T_Door_N.uasset" 50
"../../../../../../UnrealSpacialProj/ChoGoChomp/Game/Content/StarterContent/Props/Materials/M_Door.uasset" 51
"../../../../../../UnrealSpacialProj/ChoGoChomp/Game/Content/StarterContent/Props/SM_Door.uasset" 52
"../../../../../../UnrealSpacialProj/ChoGoChomp/Game/Content/StarterContent/Props/Materials/M_MaterialSphere.uasset" 53
"../../../../../../UnrealSpacialProj/ChoGoChomp/Game/Content/StarterContent/Props/Materials/M_MaterialSphere_Plain.uasset" 54
"../../../../../../UnrealSpacialProj/ChoGoChomp/Game/Content/StarterContent/Props/SM_MatPreviewMesh_02.uasset" 55
"../../../Engine/Content/Functions/Engine_MaterialFunctions02/Utility/BlendAngleCorrectedNormals.uasset" 56
"../../../../../../UnrealSpacialProj/ChoGoChomp/Game/Content/StarterContent/Textures/T_Detail_Rocky_N.uasset" 57
"../../../../../../UnrealSpacialProj/ChoGoChomp/Game/Content/StarterContent/Textures/T_Rock_Basalt_D.uasset" 58
"../../../../../../UnrealSpacialProj/ChoGoChomp/Game/Content/StarterContent/Textures/T_RockMesh_M.uasset" 59
"../../../../../../UnrealSpacialProj/ChoGoChomp/Game/Content/StarterContent/Textures/T_RockMesh_N.uasset" 60
"../../../../../../UnrealSpacialProj/ChoGoChomp/Game/Content/StarterContent/Props/Materials/M_Rock.uasset" 61
"../../../../../../UnrealSpacialProj/ChoGoChomp/Game/Content/StarterContent/Props/SM_Rock.uasset" 62
"../../../../../../UnrealSpacialProj/ChoGoChomp/Game/Content/StarterContent/Textures/T_Shelf_M.uasset" 63
"../../../../../../UnrealSpacialProj/ChoGoChomp/Game/Content/StarterContent/Textures/T_Shelf_N.uasset" 64
"../../../../../../UnrealSpacialProj/ChoGoChomp/Game/Content/StarterContent/Props/Materials/M_Shelf.uasset" 65
"../../../../../../UnrealSpacialProj/ChoGoChomp/Game/Content/StarterContent/Props/SM_Shelf.uasset" 66
"../../../../../../UnrealSpacialProj/ChoGoChomp/Game/Content/StarterContent/Materials/M_Basic_Floor.uasset" 67
"../../../../../../UnrealSpacialProj/ChoGoChomp/Game/Content/StarterContent/Props/SM_Stairs.uasset" 68
"../../../../../../UnrealSpacialProj/ChoGoChomp/Game/Content/StarterContent/Shapes/Shape_Cone.uasset" 69
"../../../../../../UnrealSpacialProj/ChoGoChomp/Game/Content/StarterContent/Shapes/Shape_Cylinder.uasset" 70
"../../../../../../UnrealSpacialProj/ChoGoChomp/Game/Content/StarterContent/Shapes/Shape_NarrowCapsule.uasset" 71
"../../../../../../UnrealSpacialProj/ChoGoChomp/Game/Content/StarterContent/Shapes/Shape_Pipe.uasset" 72
"../../../../../../UnrealSpacialProj/ChoGoChomp/Game/Content/StarterContent/Shapes/Shape_Pipe_180.uasset" 73
"../../../../../../UnrealSpacialProj/ChoGoChomp/Game/Content/StarterContent/Shapes/Shape_Pipe_90.uasset" 74
"../../../../../../UnrealSpacialProj/ChoGoChomp/Game/Content/StarterContent/Shapes/Shape_Plane.uasset" 75
"../../../../../../UnrealSpacialProj/ChoGoChomp/Game/Content/StarterContent/Shapes/Shape_Torus.uasset" 76
"../../../../../../UnrealSpacialProj/ChoGoChomp/Game/Content/StarterContent/Shapes/Shape_Trim.uasset" 77
"../../../../../../UnrealSpacialProj/ChoGoChomp/Game/Content/StarterContent/Shapes/Shape_Trim_90_In.uasset" 78
"../../../../../../UnrealSpacialProj/ChoGoChomp/Game/Content/StarterContent/Shapes/Shape_Trim_90_Out.uasset" 79
"../../../../../../UnrealSpacialProj/ChoGoChomp/Game/Content/StarterContent/Shapes/Shape_TriPyramid.uasset" 80
"../../../../../../UnrealSpacialProj/ChoGoChomp/Game/Content/StarterContent/Shapes/Shape_Tube.uasset" 81
"../../../../../../UnrealSpacialProj/ChoGoChomp/Game/Content/StarterContent/Shapes/Shape_Wedge_A.uasset" 82
"../../../../../../UnrealSpacialProj/ChoGoChomp/Game/Content/StarterContent/Shapes/Shape_Wedge_B.uasset" 83
"../../../../../../UnrealSpacialProj/ChoGoChomp/Game/Content/StarterContent/Shapes/Shape_WideCapsule.uasset" 84
"../../../../../../UnrealSpacialProj/ChoGoChomp/Game/Content/Mannequin/Animations/ThirdPerson_Jump.uasset" 85
"../../../../../../UnrealSpacialProj/ChoGoChomp/Game/Content/Mannequin/Animations/ThirdPersonJump_Loop.uasset" 86
"../../../../../../UnrealSpacialProj/ChoGoChomp/Game/Content/Mannequin/Animations/ThirdPersonJump_Start.uasset" 87
"../../../../../../UnrealSpacialProj/ChoGoChomp/Game/Content/Mannequin/Animations/ThirdPersonIdle.uasset" 88
"../../../../../../UnrealSpacialProj/ChoGoChomp/Game/Content/Mannequin/Animations/ThirdPersonRun.uasset" 89
"../../../../../../UnrealSpacialProj/ChoGoChomp/Game/Content/Mannequin/Animations/ThirdPersonWalk.uasset" 90
"../../../../../../UnrealSpacialProj/ChoGoChomp/Game/Content/Mannequin/Animations/ThirdPerson_IdleRun_2D.uasset" 91
"../../../Engine/Content/EditorBlueprintResources/StandardMacros.uasset" 92
"../../../../../../UnrealSpacialProj/ChoGoChomp/Game/Content/Mannequin/Animations/ThirdPerson_AnimBP.uasset" 93
"../../../Engine/Content/Functions/MaterialLayerFunctions/MatLayerBlend_NormalBlend.uasset" 94
"../../../Engine/Content/Functions/MaterialLayerFunctions/MatLayerBlend_Simple.uasset" 95
"../../../../../../UnrealSpacialProj/ChoGoChomp/Game/Content/Mannequin/Character/Materials/MaterialLayers/T_ML_Rubber_Blue_01_D.uasset" 96
"../../../../../../UnrealSpacialProj/ChoGoChomp/Game/Content/Mannequin/Character/Materials/MaterialLayers/T_ML_Rubber_Blue_01_N.uasset" 97
"../../../../../../UnrealSpacialProj/ChoGoChomp/Game/Content/Mannequin/Character/Materials/MaterialLayers/ML_GlossyBlack_Latex_UE4.uasset" 98
"../../../../../../UnrealSpacialProj/ChoGoChomp/Game/Content/Mannequin/Character/Materials/MaterialLayers/ML_Plastic_Shiny_Beige.uasset" 99
"../../../../../../UnrealSpacialProj/ChoGoChomp/Game/Content/Mannequin/Character/Textures/UE4_LOGO_CARD.uasset" 100
"../../../../../../UnrealSpacialProj/ChoGoChomp/Game/Content/Mannequin/Character/Materials/MaterialLayers/ML_Plastic_Shiny_Beige_LOGO.uasset" 101
"../../../../../../UnrealSpacialProj/ChoGoChomp/Game/Content/Mannequin/Character/Materials/MaterialLayers/T_ML_Aluminum01.uasset" 102
"../../../../../../UnrealSpacialProj/ChoGoChomp/Game/Content/Mannequin/Character/Materials/MaterialLayers/T_ML_Aluminum01_N.uasset" 103
"../../../../../../UnrealSpacialProj/ChoGoChomp/Game/Content/Mannequin/Character/Materials/MaterialLayers/ML_SoftMetal_UE4.uasset" 104
"../../../../../../UnrealSpacialProj/ChoGoChomp/Game/Content/Mannequin/Character/Textures/UE4_Mannequin__normals.uasset" 105
"../../../../../../UnrealSpacialProj/ChoGoChomp/Game/Content/Mannequin/Character/Textures/UE4_Mannequin_MAT_MASKA.uasset" 106
"../../../../../../UnrealSpacialProj/ChoGoChomp/Game/Content/Mannequin/Character/Materials/M_UE4Man_Body.uasset" 107
"../../../../../../UnrealSpacialProj/ChoGoChomp/Game/Content/Mannequin/Character/Textures/UE4Man_Logo_N.uasset" 108
"../../../../../../UnrealSpacialProj/ChoGoChomp/Game/Content/Mannequin/Character/Materials/M_UE4Man_ChestLogo.uasset" 109
"../../../../../../UnrealSpacialProj/ChoGoChomp/Game/Content/Mannequin/Character/Mesh/SK_Mannequin_PhysicsAsset.uasset" 110
"../../../../../../UnrealSpacialProj/ChoGoChomp/Game/Content/Mannequin/Character/Mesh/SK_Mannequin.uasset" 111
"../../../../../../UnrealSpacialProj/ChoGoChomp/Game/Content/StarterProject/Characters/PlayerCharacter_BP.uasset" 112
"../../../../../../UnrealSpacialProj/ChoGoChomp/Game/Content/StarterProject/Characters/SimulatedPlayers/SimulatedPlayerBlackboard_BP.uasset" 113
"../../../../../../UnrealSpacialProj/ChoGoChomp/Game/Content/StarterProject/Characters/SimulatedPlayers/SimulatedPlayerBehaviorTree_BP.uasset" 114
"../../../../../../UnrealSpacialProj/ChoGoChomp/Game/Content/StarterProject/Characters/SimulatedPlayers/SimulatedPlayerAIController_BP.uasset" 115
"../../../../../../UnrealSpacialProj/ChoGoChomp/Game/Content/StarterProject/Characters/SimulatedPlayers/SimulatedPlayerCharacter_BP.uasset" 116
"../../../Engine/Content/Animation/DefaultAnimCurveCompressionSettings.uasset" 117
"../../../Engine/Content/Functions/Engine_MaterialFunctions01/Opacity/CameraDepthFade.uasset" 118
"../../../Engine/Content/EngineMaterials/T_Default_Material_Grid_M.uasset" 119
"../../../Engine/Content/EngineMaterials/T_Default_Material_Grid_N.uasset" 120
"../../../Engine/Content/EngineMaterials/WorldGridMaterial.uasset" 121
"../../../Engine/Content/ArtTools/RenderToTexture/Meshes/S_1_Unit_Plane.uasset" 122
"../../../Engine/Content/EngineMaterials/DefaultMaterial.uasset" 123
"../../../Engine/Content/BasicShapes/Cone.uasset" 124
"../../../Engine/Content/BasicShapes/Cube.uasset" 125
"../../../Engine/Content/BasicShapes/Cylinder.uasset" 126
"../../../Engine/Content/BasicShapes/Plane.uasset" 127
"../../../Engine/Content/BasicShapes/Sphere.uasset" 128
"../../../Engine/Content/EditorLandscapeResources/DataLayer.uasset" 129
"../../../Engine/Content/EditorMaterials/MAT_Groups_Toggle.uasset" 130
"../../../Engine/Content/EditorMaterials/MAT_Groups_Visibility.uasset" 131
"../../../Engine/Content/EditorMaterials/PreviewShadowIndicator.uasset" 132
"../../../Engine/Content/EditorMaterials/PreviewShadowIndicatorMaterial.uasset" 133
"../../../Engine/Content/EditorMaterials/MatineeGroups/MAT_ColorTrack.uasset" 134
"../../../Engine/Content/EditorMaterials/MatineeGroups/MAT_Groups_Anim.uasset" 135
"../../../Engine/Content/EditorMaterials/MatineeGroups/MAT_Groups_AudioMaster.uasset" 136
"../../../Engine/Content/EditorMaterials/MatineeGroups/MAT_Groups_Director.uasset" 137
"../../../Engine/Content/EditorMaterials/MatineeGroups/MAT_Groups_Event.uasset" 138
"../../../Engine/Content/EditorMaterials/MatineeGroups/MAT_Groups_Fade.uasset" 139
"../../../Engine/Content/EditorMaterials/MatineeGroups/MAT_Groups_Float.uasset" 140
"../../../Engine/Content/EditorMaterials/MatineeGroups/MAT_Groups_Move.uasset" 141
"../../../Engine/Content/EditorMaterials/MatineeGroups/MAT_Groups_Slomo.uasset" 142
"../../../Engine/Content/EditorMaterials/MatineeGroups/MAT_Groups_Sound.uasset" 143
"../../../Engine/Content/EditorMaterials/MatineeGroups/MAT_Groups_Vector.uasset" 144
"../../../Engine/Content/EditorMaterials/ParticleSystems/PSysThumbnail_NoImage.uasset" 145
"../../../Engine/Content/EditorMaterials/ParticleSystems/PSysThumbnail_OOD.uasset" 146
"../../../Engine/Content/EditorMaterials/Camera/CineMat.uasset" 147
"../../../Engine/Content/EditorMaterials/Camera/MI_CineMat_Rig.uasset" 148
"../../../Engine/Content/EditorMeshes/Camera/SM_CraneRig_Arm.uasset" 149
"../../../Engine/Content/EditorMeshes/Camera/SM_CraneRig_Base.uasset" 150
"../../../Engine/Content/EditorMeshes/Camera/SM_CraneRig_Body.uasset" 151
"../../../Engine/Content/EditorMeshes/Camera/SM_CraneRig_Mount.uasset" 152
"../../../Engine/Content/EditorMeshes/Camera/SM_RailRig_Mount.uasset" 153
"../../../Engine/Content/EditorMeshes/Camera/SM_RailRig_Track.uasset" 154
"../../../Engine/Content/EditorResources/BSPVertex.uasset" 155
"../../../Engine/Content/EditorResources/EmptyActor.uasset" 156
"../../../Engine/Content/EditorResources/S_Actor.uasset" 157
"../../../Engine/Content/EditorResources/S_Note.uasset" 158
"../../../Engine/Content/EditorResources/S_Solver.uasset" 159
"../../../Engine/Content/EditorResources/S_Trigger.uasset" 160
"../../../Engine/Content/EditorResources/AudioIcons/S_AudioComponent.uasset" 161
"../../../Engine/Content/EditorResources/AudioIcons/S_AudioComponent_AutoActivate.uasset" 162
"../../../Engine/Content/EditorResources/LightIcons/S_LightError.uasset" 163
"../../../Engine/Content/EditorResources/SequenceRecorder/Countdown.uasset" 164
"../../../Engine/Content/EditorResources/SequenceRecorder/RecordingIndicator.uasset" 165
"../../../Engine/Content/EditorSounds/Notifications/CompileFailed.uasset" 166
"../../../Engine/Content/EditorSounds/Notifications/CompileFailed_Cue.uasset" 167
"../../../Engine/Content/EditorSounds/Notifications/CompileSuccess.uasset" 168
"../../../Engine/Content/EditorSounds/Notifications/CompileStart_Cue.uasset" 169
"../../../Engine/Content/EditorSounds/Notifications/CompileSuccess_Cue.uasset" 170
"../../../Engine/Content/EngineDamageTypes/DmgTypeBP_Environmental.uasset" 171
"../../../Engine/Content/EngineDebugMaterials/DebugEditorMaterial.uasset" 172
"../../../Engine/Content/EngineDebugMaterials/DebugMeshMaterial.uasset" 173
"../../../Engine/Content/EngineDebugMaterials/M_SimpleTranslucent.uasset" 174
"../../../Engine/Content/Functions/Engine_MaterialFunctions02/Utility/CameraDirectionVector.uasset" 175
"../../../Engine/Content/EngineDebugMaterials/VolumeToRender.uasset" 176
"../../../Engine/Content/EngineDebugMaterials/M_VolumeRenderSphereTracePP.uasset" 177
"../../../Engine/Content/EngineDebugMaterials/WireframeMaterial.uasset" 178
"../../../Engine/Content/EngineFonts/Faces/DroidSansFallback.uasset" 179
"../../../Engine/Content/EngineFonts/Faces/RobotoBold.uasset" 180
"../../../Engine/Content/EngineFonts/Faces/RobotoBoldItalic.uasset" 181
"../../../Engine/Content/EngineFonts/Faces/RobotoItalic.uasset" 182
"../../../Engine/Content/EngineFonts/Faces/RobotoLight.uasset" 183
"../../../Engine/Content/EngineFonts/Faces/RobotoRegular.uasset" 184
"../../../Engine/Content/EngineFonts/Roboto.uasset" 185
"../../../Engine/Content/EngineMaterials/BaseFlattenDiffuseMap.uasset" 186
"../../../Engine/Content/EngineMaterials/BaseFlattenEmissiveMap.uasset" 187
"../../../Engine/Content/EngineMaterials/BaseFlattenGrayscaleMap.uasset" 188
"../../../Engine/Content/EngineMaterials/BaseFlattenNormalMap.uasset" 189
"../../../Engine/Content/EngineMaterials/BaseFlattenMaterial.uasset" 190
"../../../Engine/Content/EngineMaterials/BlueNoise.uasset" 191
"../../../Engine/Content/EngineMaterials/DefaultBloomKernel.uasset" 192
"../../../Engine/Content/EngineMaterials/DefaultBokeh.uasset" 193
"../../../Engine/Content/EngineMaterials/DefaultDiffuse.uasset" 194
"../../../Engine/Content/EngineMaterials/DefaultDeferredDecalMaterial.uasset" 195
"../../../Engine/Content/EngineMaterials/DefaultLightFunctionMaterial.uasset" 196
"../../../Engine/Content/EngineMaterials/DefaultPhysicalMaterial.uasset" 197
"../../../Engine/Content/Functions/Engine_MaterialFunctions02/Utility/BreakOutFloat2Components.uasset" 198
"../../../Engine/Content/EngineMaterials/DefaultPostProcessMaterial.uasset" 199
"../../../Engine/Content/EngineFonts/RobotoDistanceField.uasset" 200
"../../../Engine/Content/EngineMaterials/DefaultTextMaterialOpaque.uasset" 201
"../../../Engine/Content/EngineMaterials/DefaultVirtualTextureMaterial.uasset" 202
"../../../Engine/Content/EngineMaterials/DefaultWhiteGrid.uasset" 203
"../../../Engine/Content/EngineMaterials/DefaultWhiteGrid_Low.uasset" 204
"../../../Engine/Content/EngineMaterials/EmissiveMeshMaterial.uasset" 205
"../../../Engine/Content/EngineMaterials/GizmoMaterial.uasset" 206
"../../../Engine/Content/EngineMaterials/Good64x64TilingNoiseHighFreq.uasset" 207
"../../../Engine/Content/EngineMaterials/HairDefaultMaterial.uasset" 208
"../../../Engine/Content/EngineMaterials/MiniFont.uasset" 209
"../../../Engine/Content/EngineMaterials/InvalidLightmapSettings.uasset" 210
"../../../Engine/Content/EngineMaterials/M_InvalidLightmapSettings.uasset" 211
"../../../Engine/Content/Functions/Engine_MaterialFunctions02/WorldPositionOffset/CameraOffset.uasset" 212
"../../../Engine/Content/EngineMaterials/PhAT_JointLimitMaterial.uasset" 213
"../../../Engine/Content/EngineMaterials/PreintegratedSkinBRDF.uasset" 214
"../../../Engine/Content/EngineMaterials/RemoveSurfaceMaterial.uasset" 215
"../../../Engine/Content/EngineMaterials/WeightMapPlaceholderTexture.uasset" 216
"../../../Engine/Content/EngineResources/WhiteSquareTexture.uasset" 217
"../../../Engine/Content/EngineMaterials/Widget3DPassThrough.uasset" 218
"../../../Engine/Content/EngineMaterials/Widget3DPassThrough_Masked.uasset" 219
"../../../Engine/Content/EngineMaterials/Widget3DPassThrough_Opaque.uasset" 220
"../../../Engine/Content/EngineMaterials/Widget3DPassThrough_Masked_OneSided.uasset" 221
"../../../Engine/Content/EngineMaterials/Widget3DPassThrough_Opaque_OneSided.uasset" 222
"../../../Engine/Content/EngineMaterials/Widget3DPassThrough_Translucent.uasset" 223
"../../../Engine/Content/EngineMaterials/Widget3DPassThrough_Translucent_OneSided.uasset" 224
"../../../Engine/Content/EngineMeshes/Cylinder.uasset" 225
"../../../Engine/Content/EngineMeshes/Sphere.uasset" 226
"../../../Engine/Content/EngineResources/Black.uasset" 227
"../../../Engine/Content/EngineResources/DefaultTexture.uasset" 228
"../../../Engine/Content/EngineResources/DefaultTextureCube.uasset" 229
"../../../Engine/Content/EngineResources/DefaultVolumeTexture2D.uasset" 230
"../../../Engine/Content/EngineResources/DefaultVolumeTexture.uasset" 231
"../../../Engine/Content/EngineResources/GradientTexture0.uasset" 232
"../../../Engine/Content/EngineSounds/Master.uasset" 233
"../../../Engine/Content/Functions/Engine_MaterialFunctions01/Shading/ConvertFromDiffSpec.uasset" 234
"../../../Engine/Content/Functions/Engine_MaterialFunctions01/Shading/PowerToRoughness.uasset" 235
"../../../Engine/Content/Maps/Templates/Thumbnails/Default.uasset" 236
"../../../Engine/Content/Maps/Templates/Thumbnails/TimeOfDay.uasset" 237
"../../../Engine/Content/Maps/Templates/Thumbnails/VR-Basic.uasset" 238
"../../../Engine/Content/MobileResources/T_MobileControls_texture.uasset" 239
"../../../Engine/Content/MobileResources/T_MobileMenu2.uasset" 240
"../../../Engine/Content/MobileResources/HUD/AnalogHat.uasset" 241
"../../../Engine/Content/MobileResources/HUD/VirtualJoystick_Background.uasset" 242
"../../../Engine/Content/MobileResources/HUD/VirtualJoystick_Thumb.uasset" 243
"../../../Engine/Content/MobileResources/HUD/DefaultVirtualJoysticks.uasset" 244
"../../../Engine/Content/MobileResources/HUD/LeftVirtualJoystickOnly.uasset" 245
"../../../Engine/Content/MobileResources/HUD/MobileHUDButton1_off.uasset" 246
"../../../Engine/Content/MobileResources/HUD/MobileHUDButton1_on.uasset" 247
"../../../Engine/Content/MobileResources/HUD/MobileHUDButton2_off.uasset" 248
"../../../Engine/Content/MobileResources/HUD/MobileHUDButton2_on.uasset" 249
"../../../Engine/Content/MobileResources/HUD/MobileHUDButton3.uasset" 250
"../../../Engine/Content/MobileResources/HUD/MobileHUDButtonFire.uasset" 251
"../../../Engine/Content/MobileResources/HUD/MobileHUDDirectionPad.uasset" 252
"../../../Engine/Content/MobileResources/HUD/MobileHUDDirectionPad2.uasset" 253
"../../../Engine/Content/MobileResources/HUD/MobileHUDDirectionPad3.uasset" 254
"../../../Engine/Content/MobileResources/HUD/MobileHUDDirectionStick.uasset" 255
"../../../Engine/Content/MobileResources/HUD/T_Castle_ThumbstickInner.uasset" 256
"../../../Engine/Content/MobileResources/HUD/T_Castle_ThumbstickOutter.uasset" 257
"../../../Engine/Content/Tutorial/ContentIntroCurve.uasset" 258
"../../../Engine/Content/Tutorial/Basics/TutorialAssets/icon_tab_Levels_40x.uasset" 259
"../../../Engine/Content/Tutorial/Basics/LevelEditorOverview.uasset" 260
"../../../Engine/Content/VREditor/LaserPointer/VR_LaserPower_01.uasset" 261
"../../../Engine/Content/VREditor/TransformGizmo/TransformGizmoMaterial.uasset" 262
"../../../Engine/Content/VREditor/TransformGizmo/TranslucentTransformGizmoMaterial.uasset" 263
"../../../Engine/Content/VREditor/TransformGizmo/BoundingBoxCorner.uasset" 264
"../../../Engine/Content/VREditor/TransformGizmo/BoundingBoxEdge.uasset" 265
"../../../Engine/Content/VREditor/TransformGizmo/PlaneTranslationHandle.uasset" 266
"../../../Engine/Content/VREditor/TransformGizmo/Main.uasset" 267
"../../../Engine/Content/VREditor/TransformGizmo/Xray.uasset" 268
"../../../Engine/Content/VREditor/TransformGizmo/SM_Sequencer_Key.uasset" 269
"../../../Engine/Content/VREditor/TransformGizmo/SM_Sequencer_Node.uasset" 270
"../../Plugins/2D/Paper2D/Content/PlaceholderTextures/DummySpriteTexture.uasset" 271
"../../Plugins/2D/Paper2D/Content/DummySprite.uasset" 272
"../../Plugins/2D/Paper2D/Content/DefaultPaperTerrainMaterial.uasset" 273
"../../Plugins/2D/Paper2D/Content/DummySpriteTexture.uasset" 274
"../../Plugins/2D/Paper2D/Content/DefaultSpriteMaterial.uasset" 275
"../../Plugins/2D/Paper2D/Content/MaskedUnlitSpriteMaterial.uasset" 276
"../../Plugins/2D/Paper2D/Content/OpaqueUnlitSpriteMaterial.uasset" 277
"../../../Engine/Content/Functions/Engine_MaterialFunctions02/Utility/BreakOutFloat4Components.uasset" 278
"../../../Engine/Content/Functions/Engine_MaterialFunctions02/Utility/MakeFloat2.uasset" 279
"../../../Engine/Content/Functions/Engine_MaterialFunctions02/Utility/MakeFloat3.uasset" 280
"../../Plugins/Runtime/Oculus/OculusVR/Content/Materials/OculusMR_ChromaKey.uasset" 281
"../../Plugins/Runtime/Oculus/OculusVR/Content/Materials/OculusMR_ChromaKey_Lit.uasset" 282
"../../Plugins/Runtime/Oculus/OculusVR/Content/Materials/OculusMR_OpaqueColoredMaterial.uasset" 283
"../../Plugins/Runtime/Oculus/OculusVR/Content/Materials/OculusMR_WhiteMaterial.uasset" 284
"../../../../../../UnrealSpacialProj/ChoGoChomp/Game/Content/StarterContent/Blueprints/Assets/FogBrightnessLUT.uasset" 285
"../../../../../../UnrealSpacialProj/ChoGoChomp/Game/Content/StarterContent/Blueprints/Assets/SunlightColorLUT.uasset" 286
"../../../../../../UnrealSpacialProj/ChoGoChomp/Game/Content/StarterContent/Blueprints/Assets/M_LightStage_Arrows.uasset" 287
"../../../Engine/Content/MapTemplates/Sky/DaylightAmbientCubemap.uasset" 288
"../../../../../../UnrealSpacialProj/ChoGoChomp/Game/Content/StarterContent/Blueprints/Assets/M_LightStage_Skybox_Master.uasset" 289
"../../../../../../UnrealSpacialProj/ChoGoChomp/Game/Content/StarterContent/Blueprints/Assets/M_LightStage_Skybox_Black.uasset" 290
"../../../../../../UnrealSpacialProj/ChoGoChomp/Game/Content/StarterContent/Blueprints/Assets/M_LightStage_Skybox_HDRI.uasset" 291
"../../../Engine/Content/EditorMaterials/Thumbnails/SkySphereMaterial.uasset" 292
"../../../../../../UnrealSpacialProj/ChoGoChomp/Game/Content/StarterContent/Blueprints/Assets/Skybox.uasset" 293
"../../../../../../UnrealSpacialProj/ChoGoChomp/Game/Content/StarterContent/Blueprints/Assets/SM_Arrows.uasset" 294
"../../../../../../UnrealSpacialProj/ChoGoChomp/Game/Content/StarterContent/HDRI/HDRI_Epic_Courtyard_Daylight.uasset" 295
"../../../../../../UnrealSpacialProj/ChoGoChomp/Game/Content/StarterContent/Blueprints/BP_LightStudio.uasset" 296
"../../../../../../UnrealSpacialProj/ChoGoChomp/Game/Content/StarterContent/Maps/Advanced_Lighting_BuiltData.uasset" 297
"../../../../../../UnrealSpacialProj/ChoGoChomp/Game/Content/StarterContent/Materials/M_AssetPlatform.uasset" 298
"../../../Engine/Content/EditorMeshes/ColorCalibrator/M_ChromeBall.uasset" 299
"../../../Engine/Content/EditorMeshes/ColorCalibrator/M_ClearCoat.uasset" 300
"../../../Engine/Content/EditorMeshes/ColorCalibrator/M_ClearCoatBlack.uasset" 301
"../../../Engine/Content/EditorMeshes/ColorCalibrator/Color_checker.uasset" 302
"../../../Engine/Content/EditorMeshes/ColorCalibrator/M_ColorGrid.uasset" 303
"../../../Engine/Content/EditorMeshes/ColorCalibrator/M_GreyBall.uasset" 304
"../../../Engine/Content/EditorMeshes/ColorCalibrator/SM_ColorCalibrator.uasset" 305
"../../../../../../UnrealSpacialProj/ChoGoChomp/Game/Content/StarterContent/Architecture/SM_AssetPlatform.uasset" 306
"../../../../../../UnrealSpacialProj/ChoGoChomp/Game/Content/StarterContent/Maps/Advanced_Lighting.umap" 307
"../../../Engine/Content/EngineSky/C_Sky_Cloud_Color.uasset" 308
"../../../Engine/Content/EngineSky/C_Sky_Horizon_Color.uasset" 309
"../../../Engine/Content/EngineSky/C_Sky_Zenith_Color.uasset" 310
"../../../Engine/Content/EngineSky/T_Sky_Blue.uasset" 311
"../../../Engine/Content/EngineSky/T_Sky_Clouds_M.uasset" 312
"../../../Engine/Content/EngineSky/T_Sky_Stars.uasset" 313
"../../../Engine/Content/EngineSky/M_Sky_Panning_Clouds2.uasset" 314
"../../../Engine/Content/EngineSky/SM_SkySphere.uasset" 315
"../../../Engine/Content/EngineSky/BP_Sky_Sphere.uasset" 316
"../../../../../../UnrealSpacialProj/ChoGoChomp/Game/Content/StarterContent/Maps/Minimal_Default_BuiltData.uasset" 317
"../../../../../../UnrealSpacialProj/ChoGoChomp/Game/Content/StarterContent/Textures/T_MacroVariation.uasset" 318
"../../../../../../UnrealSpacialProj/ChoGoChomp/Game/Content/StarterContent/Materials/M_Metal_Brushed_Nickel.uasset" 319
"../../../../../../UnrealSpacialProj/ChoGoChomp/Game/Content/StarterContent/Textures/T_Metal_Aluminum_D.uasset" 320
"../../../../../../UnrealSpacialProj/ChoGoChomp/Game/Content/StarterContent/Textures/T_Metal_Gold_N.uasset" 321
"../../../../../../UnrealSpacialProj/ChoGoChomp/Game/Content/StarterContent/Materials/M_Metal_Burnished_Steel.uasset" 322
"../../../../../../UnrealSpacialProj/ChoGoChomp/Game/Content/StarterContent/Textures/T_Metal_Copper_D.uasset" 323
"../../../../../../UnrealSpacialProj/ChoGoChomp/Game/Content/StarterContent/Materials/M_Metal_Copper.uasset" 324
"../../../../../../UnrealSpacialProj/ChoGoChomp/Game/Content/StarterContent/Textures/T_Statue_M.uasset" 325
"../../../../../../UnrealSpacialProj/ChoGoChomp/Game/Content/StarterContent/Textures/T_Statue_N.uasset" 326
"../../../../../../UnrealSpacialProj/ChoGoChomp/Game/Content/StarterContent/Props/Materials/M_StatueGlass.uasset" 327
"../../../../../../UnrealSpacialProj/ChoGoChomp/Game/Content/StarterContent/Architecture/Floor_400x400.uasset" 328
"../../../../../../UnrealSpacialProj/ChoGoChomp/Game/Content/StarterContent/Audio/Starter_Background_Cue.uasset" 329
"../../../../../../UnrealSpacialProj/ChoGoChomp/Game/Content/StarterContent/Props/SM_Chair.uasset" 330
"../../../../../../UnrealSpacialProj/ChoGoChomp/Game/Content/StarterContent/Props/Materials/M_Statue.uasset" 331
"../../../../../../UnrealSpacialProj/ChoGoChomp/Game/Content/StarterContent/Props/SM_Statue.uasset" 332
"../../../../../../UnrealSpacialProj/ChoGoChomp/Game/Content/StarterContent/Textures/T_TableRound_M.uasset" 333
"../../../../../../UnrealSpacialProj/ChoGoChomp/Game/Content/StarterContent/Textures/T_TableRound_N.uasset" 334
"../../../../../../UnrealSpacialProj/ChoGoChomp/Game/Content/StarterContent/Props/Materials/M_TableRound.uasset" 335
"../../../../../../UnrealSpacialProj/ChoGoChomp/Game/Content/StarterContent/Props/SM_TableRound.uasset" 336
"../../../../../../UnrealSpacialProj/ChoGoChomp/Game/Content/StarterContent/Maps/Minimal_Default.umap" 337
"../../../../../../UnrealSpacialProj/ChoGoChomp/Game/Content/StarterContent/Audio/Fire01_Cue.uasset" 338
"../../../../../../UnrealSpacialProj/ChoGoChomp/Game/Content/StarterContent/Textures/T_Fire_SubUV.uasset" 339
"../../../../../../UnrealSpacialProj/ChoGoChomp/Game/Content/StarterContent/Textures/T_Fire_Tiled_D.uasset" 340
"../../../../../../UnrealSpacialProj/ChoGoChomp/Game/Content/StarterContent/Particles/Materials/M_Fire_SubUV.uasset" 341
"../../../../../../UnrealSpacialProj/ChoGoChomp/Game/Content/StarterContent/Textures/T_Water_N.uasset" 342
"../../../../../../UnrealSpacialProj/ChoGoChomp/Game/Content/StarterContent/Particles/Materials/M_Heat_Distortion.uasset" 343
"../../../../../../UnrealSpacialProj/ChoGoChomp/Game/Content/StarterContent/Particles/Materials/M_Radial_Gradient.uasset" 344
"../../../../../../UnrealSpacialProj/ChoGoChomp/Game/Content/StarterContent/Particles/P_Fire.uasset" 345
"../../../../../../UnrealSpacialProj/ChoGoChomp/Game/Content/StarterContent/Blueprints/Blueprint_Effect_Fire.uasset" 346
"../../../../../../UnrealSpacialProj/ChoGoChomp/Game/Content/StarterContent/Audio/Smoke01_Cue.uasset" 347
"../../../../../../UnrealSpacialProj/ChoGoChomp/Game/Content/StarterContent/Particles/P_Smoke.uasset" 348
"../../../../../../UnrealSpacialProj/ChoGoChomp/Game/Content/StarterContent/Blueprints/Blueprint_Effect_Smoke.uasset" 349
"../../../../../../UnrealSpacialProj/ChoGoChomp/Game/Content/StarterContent/Audio/Fire_Sparks01_Cue.uasset" 350
"../../../../../../UnrealSpacialProj/ChoGoChomp/Game/Content/StarterContent/Textures/T_Spark_Core.uasset" 351
"../../../../../../UnrealSpacialProj/ChoGoChomp/Game/Content/StarterContent/Particles/Materials/M_Spark.uasset" 352
"../../../../../../UnrealSpacialProj/ChoGoChomp/Game/Content/StarterContent/Particles/P_Sparks.uasset" 353
"../../../../../../UnrealSpacialProj/ChoGoChomp/Game/Content/StarterContent/Blueprints/Blueprint_Effect_Sparks.uasset" 354
"../../../../../../UnrealSpacialProj/ChoGoChomp/Game/Content/StarterContent/Audio/Steam01_Cue.uasset" 355
"../../../../../../UnrealSpacialProj/ChoGoChomp/Game/Content/StarterContent/Particles/P_Steam_Lit.uasset" 356
"../../../../../../UnrealSpacialProj/ChoGoChomp/Game/Content/StarterContent/Blueprints/Blueprint_Effect_Steam.uasset" 357
"../../../../../../UnrealSpacialProj/ChoGoChomp/Game/Content/StarterContent/Textures/T_Lamp_M.uasset" 358
"../../../../../../UnrealSpacialProj/ChoGoChomp/Game/Content/StarterContent/Textures/T_Lamp_N.uasset" 359
"../../../../../../UnrealSpacialProj/ChoGoChomp/Game/Content/StarterContent/Props/Materials/M_Lamp.uasset" 360
"../../../../../../UnrealSpacialProj/ChoGoChomp/Game/Content/StarterContent/Props/SM_Lamp_Ceiling.uasset" 361
"../../../../../../UnrealSpacialProj/ChoGoChomp/Game/Content/StarterContent/Blueprints/Blueprint_CeilingLight.uasset" 362
"../../../../../../UnrealSpacialProj/ChoGoChomp/Game/Content/StarterContent/Props/SM_Lamp_Wall.uasset" 363
"../../../../../../UnrealSpacialProj/ChoGoChomp/Game/Content/StarterContent/Blueprints/Blueprint_WallSconce.uasset" 364
"../../../../../../UnrealSpacialProj/ChoGoChomp/Game/Content/StarterContent/Maps/StarterMap_BuiltData.uasset" 365
"../../../Engine/Content/Functions/Engine_MaterialFunctions03/Procedurals/ComputeFilterWidth.uasset" 366
"../../../Engine/Content/EngineMaterials/AntiAliasedTextMaterialTranslucent.uasset" 367
"../../../../../../UnrealSpacialProj/ChoGoChomp/Game/Content/StarterContent/Textures/T_Brick_Clay_Beveled_D.uasset" 368
"../../../../../../UnrealSpacialProj/ChoGoChomp/Game/Content/StarterContent/Textures/T_Brick_Clay_Beveled_M.uasset" 369
"../../../../../../UnrealSpacialProj/ChoGoChomp/Game/Content/StarterContent/Textures/T_Brick_Clay_Beveled_N.uasset" 370
"../../../../../../UnrealSpacialProj/ChoGoChomp/Game/Content/StarterContent/Materials/M_Brick_Clay_Beveled.uasset" 371
"../../../../../../UnrealSpacialProj/ChoGoChomp/Game/Content/StarterContent/Textures/T_Brick_Clay_New_D.uasset" 372
"../../../../../../UnrealSpacialProj/ChoGoChomp/Game/Content/StarterContent/Textures/T_Brick_Clay_New_M.uasset" 373
"../../../../../../UnrealSpacialProj/ChoGoChomp/Game/Content/StarterContent/Textures/T_Brick_Clay_New_N.uasset" 374
"../../../../../../UnrealSpacialProj/ChoGoChomp/Game/Content/StarterContent/Materials/M_Brick_Clay_New.uasset" 375
"../../../../../../UnrealSpacialProj/ChoGoChomp/Game/Content/StarterContent/Textures/T_Brick_Clay_Old_D.uasset" 376
"../../../../../../UnrealSpacialProj/ChoGoChomp/Game/Content/StarterContent/Textures/T_Brick_Clay_Old_N.uasset" 377
"../../../../../../UnrealSpacialProj/ChoGoChomp/Game/Content/StarterContent/Textures/T_Perlin_Noise_M.uasset" 378
"../../../../../../UnrealSpacialProj/ChoGoChomp/Game/Content/StarterContent/Materials/M_Brick_Clay_Old.uasset" 379
"../../../../../../UnrealSpacialProj/ChoGoChomp/Game/Content/StarterContent/Textures/T_Brick_Cut_Stone_D.uasset" 380
"../../../../../../UnrealSpacialProj/ChoGoChomp/Game/Content/StarterContent/Textures/T_Brick_Cut_Stone_N.uasset" 381
"../../../../../../UnrealSpacialProj/ChoGoChomp/Game/Content/StarterContent/Materials/M_Brick_Cut_Stone.uasset" 382
"../../../../../../UnrealSpacialProj/ChoGoChomp/Game/Content/StarterContent/Textures/T_Brick_Hewn_Stone_D.uasset" 383
"../../../../../../UnrealSpacialProj/ChoGoChomp/Game/Content/StarterContent/Textures/T_Brick_Hewn_Stone_M.uasset" 384
"../../../../../../UnrealSpacialProj/ChoGoChomp/Game/Content/StarterContent/Textures/T_Brick_Hewn_Stone_N.uasset" 385
"../../../../../../UnrealSpacialProj/ChoGoChomp/Game/Content/StarterContent/Materials/M_Brick_Hewn_Stone.uasset" 386
"../../../../../../UnrealSpacialProj/ChoGoChomp/Game/Content/StarterContent/Textures/T_Ceramic_Tile_M.uasset" 387
"../../../../../../UnrealSpacialProj/ChoGoChomp/Game/Content/StarterContent/Textures/T_Ceramic_Tile_N.uasset" 388
"../../../../../../UnrealSpacialProj/ChoGoChomp/Game/Content/StarterContent/Textures/T_Rock_Marble_Polished_D.uasset" 389
"../../../../../../UnrealSpacialProj/ChoGoChomp/Game/Content/StarterContent/Materials/M_Ceramic_Tile_Checker.uasset" 390
"../../../../../../UnrealSpacialProj/ChoGoChomp/Game/Content/StarterContent/Textures/T_CobbleStone_Pebble_D.uasset" 391
"../../../../../../UnrealSpacialProj/ChoGoChomp/Game/Content/StarterContent/Textures/T_CobbleStone_Pebble_M.uasset" 392
"../../../../../../UnrealSpacialProj/ChoGoChomp/Game/Content/StarterContent/Textures/T_CobbleStone_Pebble_N.uasset" 393
"../../../../../../UnrealSpacialProj/ChoGoChomp/Game/Content/StarterContent/Materials/M_CobbleStone_Pebble.uasset" 394
"../../../../../../UnrealSpacialProj/ChoGoChomp/Game/Content/StarterContent/Textures/T_CobbleStone_Rough_D.uasset" 395
"../../../../../../UnrealSpacialProj/ChoGoChomp/Game/Content/StarterContent/Textures/T_CobbleStone_Rough_N.uasset" 396
"../../../../../../UnrealSpacialProj/ChoGoChomp/Game/Content/StarterContent/Textures/T_Gradinet_01.uasset" 397
"../../../../../../UnrealSpacialProj/ChoGoChomp/Game/Content/StarterContent/Textures/T_Rock_Smooth_Granite_D.uasset" 398
"../../../../../../UnrealSpacialProj/ChoGoChomp/Game/Content/StarterContent/Materials/M_CobbleStone_Rough.uasset" 399
"../../../../../../UnrealSpacialProj/ChoGoChomp/Game/Content/StarterContent/Textures/T_CobbleStone_Smooth_D.uasset" 400
"../../../../../../UnrealSpacialProj/ChoGoChomp/Game/Content/StarterContent/Textures/T_CobbleStone_Smooth_M.uasset" 401
"../../../../../../UnrealSpacialProj/ChoGoChomp/Game/Content/StarterContent/Textures/T_CobbleStone_Smooth_N.uasset" 402
"../../../../../../UnrealSpacialProj/ChoGoChomp/Game/Content/StarterContent/Materials/M_CobbleStone_Smooth.uasset" 403
"../../../../../../UnrealSpacialProj/ChoGoChomp/Game/Content/StarterContent/Textures/T_Concrete_Grime_D.uasset" 404
"../../../../../../UnrealSpacialProj/ChoGoChomp/Game/Content/StarterContent/Textures/T_Metal_Rust_N.uasset" 405
"../../../../../../UnrealSpacialProj/ChoGoChomp/Game/Content/StarterContent/Materials/M_Concrete_Grime.uasset" 406
"../../../../../../UnrealSpacialProj/ChoGoChomp/Game/Content/StarterContent/Textures/T_Concrete_Panels_D.uasset" 407
"../../../../../../UnrealSpacialProj/ChoGoChomp/Game/Content/StarterContent/Textures/T_Concrete_Panels_N.uasset" 408
"../../../../../../UnrealSpacialProj/ChoGoChomp/Game/Content/StarterContent/Materials/M_Concrete_Panels.uasset" 409
"../../../../../../UnrealSpacialProj/ChoGoChomp/Game/Content/StarterContent/Textures/T_Concrete_Poured_D.uasset" 410
"../../../../../../UnrealSpacialProj/ChoGoChomp/Game/Content/StarterContent/Textures/T_Concrete_Poured_N.uasset" 411
"../../../../../../UnrealSpacialProj/ChoGoChomp/Game/Content/StarterContent/Materials/M_Concrete_Poured.uasset" 412
"../../../../../../UnrealSpacialProj/ChoGoChomp/Game/Content/StarterContent/Textures/T_Concrete_Tiles_D.uasset" 413
"../../../../../../UnrealSpacialProj/ChoGoChomp/Game/Content/StarterContent/Textures/T_Concrete_Tiles_M.uasset" 414
"../../../../../../UnrealSpacialProj/ChoGoChomp/Game/Content/StarterContent/Textures/T_Concrete_Tiles_N.uasset" 415
"../../../../../../UnrealSpacialProj/ChoGoChomp/Game/Content/StarterContent/Textures/T_Concrete_Tiles_Variation_M.uasset" 416
"../../../../../../UnrealSpacialProj/ChoGoChomp/Game/Content/StarterContent/Materials/M_Concrete_Tiles.uasset" 417
"../../../../../../UnrealSpacialProj/ChoGoChomp/Game/Content/StarterContent/Textures/T_Ground_Grass_D.uasset" 418
"../../../../../../UnrealSpacialProj/ChoGoChomp/Game/Content/StarterContent/Textures/T_Ground_Grass_N.uasset" 419
"../../../../../../UnrealSpacialProj/ChoGoChomp/Game/Content/StarterContent/Materials/M_Ground_Grass.uasset" 420
"../../../../../../UnrealSpacialProj/ChoGoChomp/Game/Content/StarterContent/Textures/T_Ground_Gravel_D.uasset" 421
"../../../../../../UnrealSpacialProj/ChoGoChomp/Game/Content/StarterContent/Textures/T_Ground_Gravel_N.uasset" 422
"../../../../../../UnrealSpacialProj/ChoGoChomp/Game/Content/StarterContent/Materials/M_Ground_Gravel.uasset" 423
"../../../../../../UnrealSpacialProj/ChoGoChomp/Game/Content/StarterContent/Textures/T_ground_Moss_D.uasset" 424
"../../../../../../UnrealSpacialProj/ChoGoChomp/Game/Content/StarterContent/Textures/T_Ground_Moss_N.uasset" 425
"../../../../../../UnrealSpacialProj/ChoGoChomp/Game/Content/StarterContent/Materials/M_Ground_Moss.uasset" 426
"../../../../../../UnrealSpacialProj/ChoGoChomp/Game/Content/StarterContent/Materials/M_Metal_Chrome.uasset" 427
"../../../../../../UnrealSpacialProj/ChoGoChomp/Game/Content/StarterContent/Textures/T_Metal_Gold_D.uasset" 428
"../../../../../../UnrealSpacialProj/ChoGoChomp/Game/Content/StarterContent/Materials/M_Metal_Gold.uasset" 429
"../../../../../../UnrealSpacialProj/ChoGoChomp/Game/Content/StarterContent/Textures/T_Metal_Rust_D.uasset" 430
"../../../../../../UnrealSpacialProj/ChoGoChomp/Game/Content/StarterContent/Materials/M_Metal_Rust.uasset" 431
"../../../../../../UnrealSpacialProj/ChoGoChomp/Game/Content/StarterContent/Textures/T_Metal_Steel_D.uasset" 432
"../../../../../../UnrealSpacialProj/ChoGoChomp/Game/Content/StarterContent/Textures/T_Metal_Steel_N.uasset" 433
"../../../../../../UnrealSpacialProj/ChoGoChomp/Game/Content/StarterContent/Materials/M_Metal_Steel.uasset" 434
"../../../../../../UnrealSpacialProj/ChoGoChomp/Game/Content/StarterContent/Textures/T_Rock_Basalt_N.uasset" 435
"../../../../../../UnrealSpacialProj/ChoGoChomp/Game/Content/StarterContent/Materials/M_Rock_Basalt.uasset" 436
"../../../../../../UnrealSpacialProj/ChoGoChomp/Game/Content/StarterContent/Materials/M_Rock_Marble_Polished.uasset" 437
"../../../../../../UnrealSpacialProj/ChoGoChomp/Game/Content/StarterContent/Textures/T_Rock_Sandstone_D.uasset" 438
"../../../../../../UnrealSpacialProj/ChoGoChomp/Game/Content/StarterContent/Textures/T_Rock_Sandstone_N.uasset" 439
"../../../../../../UnrealSpacialProj/ChoGoChomp/Game/Content/StarterContent/Materials/M_Rock_Sandstone.uasset" 440
"../../../../../../UnrealSpacialProj/ChoGoChomp/Game/Content/StarterContent/Textures/T_Rock_Slate_D.uasset" 441
"../../../../../../UnrealSpacialProj/ChoGoChomp/Game/Content/StarterContent/Textures/T_Rock_Slate_N.uasset" 442
"../../../../../../UnrealSpacialProj/ChoGoChomp/Game/Content/StarterContent/Materials/M_Rock_Slate.uasset" 443
"../../../../../../UnrealSpacialProj/ChoGoChomp/Game/Content/StarterContent/Textures/T_Checker_Noise_M.uasset" 444
"../../../../../../UnrealSpacialProj/ChoGoChomp/Game/Content/StarterContent/Textures/T_Single_Tile_N.uasset" 445
"../../../../../../UnrealSpacialProj/ChoGoChomp/Game/Content/StarterContent/Textures/T_Tech_Dot_M.uasset" 446
"../../../../../../UnrealSpacialProj/ChoGoChomp/Game/Content/StarterContent/Textures/T_Tech_Dot_N.uasset" 447
"../../../../../../UnrealSpacialProj/ChoGoChomp/Game/Content/StarterContent/Materials/M_Tech_Checker_Dot.uasset" 448
"../../../../../../UnrealSpacialProj/ChoGoChomp/Game/Content/StarterContent/Textures/T_Tech_Hex_Tile_M.uasset" 449
"../../../../../../UnrealSpacialProj/ChoGoChomp/Game/Content/StarterContent/Textures/T_Tech_Hex_Tile_N.uasset" 450
"../../../../../../UnrealSpacialProj/ChoGoChomp/Game/Content/StarterContent/Materials/M_Tech_Hex_Tile.uasset" 451
"../../../../../../UnrealSpacialProj/ChoGoChomp/Game/Content/StarterContent/Materials/M_Tech_Hex_Tile_Pulse.uasset" 452
"../../../../../../UnrealSpacialProj/ChoGoChomp/Game/Content/StarterContent/Textures/T_Tech_Panel_M.uasset" 453
"../../../../../../UnrealSpacialProj/ChoGoChomp/Game/Content/StarterContent/Textures/T_Tech_Panel_N.uasset" 454
"../../../../../../UnrealSpacialProj/ChoGoChomp/Game/Content/StarterContent/Materials/M_Tech_Panel.uasset" 455
"../../../../../../UnrealSpacialProj/ChoGoChomp/Game/Content/StarterContent/Materials/M_Water_Lake.uasset" 456
"../../../../../../UnrealSpacialProj/ChoGoChomp/Game/Content/StarterContent/Textures/T_Water_M.uasset" 457
"../../../../../../UnrealSpacialProj/ChoGoChomp/Game/Content/StarterContent/Materials/M_Water_Ocean.uasset" 458
"../../../../../../UnrealSpacialProj/ChoGoChomp/Game/Content/StarterContent/Textures/T_Wood_Floor_Walnut_D.uasset" 459
"../../../../../../UnrealSpacialProj/ChoGoChomp/Game/Content/StarterContent/Textures/T_Wood_Floor_Walnut_M.uasset" 460
"../../../../../../UnrealSpacialProj/ChoGoChomp/Game/Content/StarterContent/Textures/T_Wood_Floor_Walnut_N.uasset" 461
"../../../../../../UnrealSpacialProj/ChoGoChomp/Game/Content/StarterContent/Materials/M_Wood_Floor_Walnut_Polished.uasset" 462
"../../../Engine/Content/Functions/Engine_MaterialFunctions01/Opacity/AlphaOffset.uasset" 463
"../../../../../../UnrealSpacialProj/ChoGoChomp/Game/Content/StarterContent/Materials/M_Wood_Floor_Walnut_Worn.uasset" 464
"../../../../../../UnrealSpacialProj/ChoGoChomp/Game/Content/StarterContent/Textures/T_Wood_Oak_D.uasset" 465
"../../../../../../UnrealSpacialProj/ChoGoChomp/Game/Content/StarterContent/Textures/T_Wood_Oak_N.uasset" 466
"../../../../../../UnrealSpacialProj/ChoGoChomp/Game/Content/StarterContent/Materials/M_Wood_Oak.uasset" 467
"../../../../../../UnrealSpacialProj/ChoGoChomp/Game/Content/StarterContent/Textures/T_Wood_Pine_D.uasset" 468
"../../../../../../UnrealSpacialProj/ChoGoChomp/Game/Content/StarterContent/Textures/T_Wood_Pine_N.uasset" 469
"../../../../../../UnrealSpacialProj/ChoGoChomp/Game/Content/StarterContent/Materials/M_Wood_Pine.uasset" 470
"../../../../../../UnrealSpacialProj/ChoGoChomp/Game/Content/StarterContent/Textures/T_Wood_Walnut_D.uasset" 471
"../../../../../../UnrealSpacialProj/ChoGoChomp/Game/Content/StarterContent/Textures/T_Wood_Walnut_N.uasset" 472
"../../../../../../UnrealSpacialProj/ChoGoChomp/Game/Content/StarterContent/Materials/M_Wood_Walnut.uasset" 473
"../../../../../../UnrealSpacialProj/ChoGoChomp/Game/Content/StarterContent/Architecture/Wall_400x200.uasset" 474
"../../../../../../UnrealSpacialProj/ChoGoChomp/Game/Content/StarterContent/Architecture/Wall_Door_400x300.uasset" 475
"../../../../../../UnrealSpacialProj/ChoGoChomp/Game/Content/StarterContent/Architecture/Wall_Window_400x300.uasset" 476
"../../../../../../UnrealSpacialProj/ChoGoChomp/Game/Content/StarterContent/Audio/Collapse_Cue.uasset" 477
"../../../../../../UnrealSpacialProj/ChoGoChomp/Game/Content/StarterContent/Audio/Starter_Music_Cue.uasset" 478
"../../../../../../UnrealSpacialProj/ChoGoChomp/Game/Content/StarterContent/Textures/T_Dust_Particle_D.uasset" 479
"../../../../../../UnrealSpacialProj/ChoGoChomp/Game/Content/StarterContent/Particles/Materials/M_Dust_Particle.uasset" 480
"../../../../../../UnrealSpacialProj/ChoGoChomp/Game/Content/StarterContent/Particles/P_Ambient_Dust.uasset" 481
"../../../../../../UnrealSpacialProj/ChoGoChomp/Game/Content/StarterContent/Props/MaterialSphere.uasset" 482
"../../../../../../UnrealSpacialProj/ChoGoChomp/Game/Content/StarterContent/Textures/T_Frame_M.uasset" 483
"../../../../../../UnrealSpacialProj/ChoGoChomp/Game/Content/StarterContent/Textures/T_Frame_N.uasset" 484
"../../../../../../UnrealSpacialProj/ChoGoChomp/Game/Content/StarterContent/Props/Materials/M_Frame.uasset" 485
"../../../../../../UnrealSpacialProj/ChoGoChomp/Game/Content/StarterContent/Props/SM_CornerFrame.uasset" 486
"../../../../../../UnrealSpacialProj/ChoGoChomp/Game/Content/StarterContent/Props/SM_DoorFrame.uasset" 487
"../../../../../../UnrealSpacialProj/ChoGoChomp/Game/Content/StarterContent/Props/SM_GlassWindow.uasset" 488
"../../../../../../UnrealSpacialProj/ChoGoChomp/Game/Content/StarterContent/Props/SM_PillarFrame.uasset" 489
"../../../../../../UnrealSpacialProj/ChoGoChomp/Game/Content/StarterContent/Props/SM_PillarFrame300.uasset" 490
"../../../../../../UnrealSpacialProj/ChoGoChomp/Game/Content/StarterContent/Props/SM_WindowFrame.uasset" 491
"../../../../../../UnrealSpacialProj/ChoGoChomp/Game/Content/StarterContent/Shapes/Shape_Cube.uasset" 492
"../../../../../../UnrealSpacialProj/ChoGoChomp/Game/Content/StarterContent/Shapes/Shape_QuadPyramid.uasset" 493
"../../../../../../UnrealSpacialProj/ChoGoChomp/Game/Content/StarterContent/Shapes/Shape_Sphere.uasset" 494
"../../../../../../UnrealSpacialProj/ChoGoChomp/Game/Content/StarterContent/Maps/StarterMap.umap" 495
"../../../../../../UnrealSpacialProj/ChoGoChomp/Game/Content/StarterProject/Maps/ThirdPersonExampleMap_BuiltData.uasset" 496
"../../../../../../UnrealSpacialProj/ChoGoChomp/Game/Content/Geometry/Meshes/CubeMaterial.uasset" 497
"../../../../../../UnrealSpacialProj/ChoGoChomp/Game/Content/Geometry/Meshes/1M_Cube.uasset" 498
"../../../../../../UnrealSpacialProj/ChoGoChomp/Game/Content/Geometry/Meshes/1M_Cube_Chamfer.uasset" 499
"../../../../../../UnrealSpacialProj/ChoGoChomp/Game/Content/Geometry/Meshes/TemplateFloor.uasset" 500
"../../../../../../UnrealSpacialProj/ChoGoChomp/Game/Content/StarterProject/Meshes/RampMaterial.uasset" 501
"../../../../../../UnrealSpacialProj/ChoGoChomp/Game/Content/StarterProject/Meshes/Bump_StaticMesh.uasset" 502
"../../../../../../UnrealSpacialProj/ChoGoChomp/Game/Content/StarterProject/Meshes/LeftArm_StaticMesh.uasset" 503
"../../../../../../UnrealSpacialProj/ChoGoChomp/Game/Content/StarterProject/Meshes/Linear_Stair_StaticMesh.uasset" 504
"../../../../../../UnrealSpacialProj/ChoGoChomp/Game/Content/StarterProject/Meshes/Ramp_StaticMesh.uasset" 505
"../../../../../../UnrealSpacialProj/ChoGoChomp/Game/Content/StarterProject/Meshes/RightArm_StaticMesh.uasset" 506
"../../../../../../UnrealSpacialProj/ChoGoChomp/Game/Content/StarterProject/Maps/ThirdPersonExampleMap.umap" 507
